<?xml version="1.0" encoding="UTF-8"?>
<testng-results ignored="0" total="1" passed="0" failed="1" skipped="0">
  <reporter-output>
  </reporter-output>
  <suite started-at="2022-12-15T00:54:19 IST" name="Suite" finished-at="2022-12-15T00:54:24 IST" duration-ms="4848">
    <groups>
    </groups>
    <test started-at="2022-12-15T00:54:19 IST" name="Test" finished-at="2022-12-15T00:54:24 IST" duration-ms="4848">
      <class name="Com.Test.Test_1">
        <test-method is-config="true" signature="setUp()[pri:0, instance:Com.Test.Test_1@70ed52de]" started-at="2022-12-15T00:54:19 IST" name="setUp" finished-at="2022-12-15T00:54:24 IST" duration-ms="4517" status="PASS">
          <reporter-output>
          </reporter-output>
        </test-method> <!-- setUp -->
        <test-method signature="verify_loginpage()[pri:0, instance:Com.Test.Test_1@70ed52de]" started-at="2022-12-15T00:54:24 IST" name="verify_loginpage" finished-at="2022-12-15T00:54:24 IST" duration-ms="28" status="FAIL">
          <exception class="java.lang.RuntimeException">
            <message>
              <![CDATA[java.lang.reflect.InvocationTargetException]]>
            </message>
            <full-stacktrace>
              <![CDATA[java.lang.RuntimeException: java.lang.reflect.InvocationTargetException
at org.openqa.selenium.support.PageFactory.instantiatePage(PageFactory.java:132)
at org.openqa.selenium.support.PageFactory.initElements(PageFactory.java:64)
at Com.Test.Test_1.verify_loginpage(Test_1.java:16)
at java.base/jdk.internal.reflect.DirectMethodHandleAccessor.invoke(DirectMethodHandleAccessor.java:104)
at java.base/java.lang.reflect.Method.invoke(Method.java:577)
at org.testng.internal.MethodInvocationHelper.invokeMethod(MethodInvocationHelper.java:133)
at org.testng.internal.TestInvoker.invokeMethod(TestInvoker.java:598)
at org.testng.internal.TestInvoker.invokeTestMethod(TestInvoker.java:173)
at org.testng.internal.MethodRunner.runInSequence(MethodRunner.java:46)
at org.testng.internal.TestInvoker$MethodInvocationAgent.invoke(TestInvoker.java:824)
at org.testng.internal.TestInvoker.invokeTestMethods(TestInvoker.java:146)
at org.testng.internal.TestMethodWorker.invokeTestMethods(TestMethodWorker.java:146)
at org.testng.internal.TestMethodWorker.run(TestMethodWorker.java:128)
at java.base/java.util.ArrayList.forEach(ArrayList.java:1511)
at org.testng.TestRunner.privateRun(TestRunner.java:794)
at org.testng.TestRunner.run(TestRunner.java:596)
at org.testng.SuiteRunner.runTest(SuiteRunner.java:377)
at org.testng.SuiteRunner.runSequentially(SuiteRunner.java:371)
at org.testng.SuiteRunner.privateRun(SuiteRunner.java:332)
at org.testng.SuiteRunner.run(SuiteRunner.java:276)
at org.testng.SuiteRunnerWorker.runSuite(SuiteRunnerWorker.java:53)
at org.testng.SuiteRunnerWorker.run(SuiteRunnerWorker.java:96)
at org.testng.TestNG.runSuitesSequentially(TestNG.java:1212)
at org.testng.TestNG.runSuitesLocally(TestNG.java:1134)
at org.testng.TestNG.runSuites(TestNG.java:1063)
at org.testng.TestNG.run(TestNG.java:1031)
at org.testng.remote.AbstractRemoteTestNG.run(AbstractRemoteTestNG.java:115)
at org.testng.remote.RemoteTestNG.initAndRun(RemoteTestNG.java:251)
at org.testng.remote.RemoteTestNG.main(RemoteTestNG.java:77)
Caused by: java.lang.reflect.InvocationTargetException
at java.base/jdk.internal.reflect.DirectConstructorHandleAccessor.newInstance(DirectConstructorHandleAccessor.java:79)
at java.base/java.lang.reflect.Constructor.newInstanceWithCaller(Constructor.java:499)
at java.base/java.lang.reflect.Constructor.newInstance(Constructor.java:483)
at org.openqa.selenium.support.PageFactory.instantiatePage(PageFactory.java:129)
... 28 more
Caused by: java.lang.Error: Unresolved compilation problem: 
Syntax error on token "}", delete this token

at Com.Pages.LoginPage.<init>(LoginPage.java:39)
at java.base/jdk.internal.reflect.DirectConstructorHandleAccessor.newInstance(DirectConstructorHandleAccessor.java:67)
... 31 more
]]>
            </full-stacktrace>
          </exception> <!-- java.lang.RuntimeException -->
          <reporter-output>
          </reporter-output>
        </test-method> <!-- verify_loginpage -->
        <test-method is-config="true" signature="tearDown()[pri:0, instance:Com.Test.Test_1@70ed52de]" started-at="2022-12-15T00:54:24 IST" name="tearDown" finished-at="2022-12-15T00:54:24 IST" duration-ms="139" status="PASS">
          <reporter-output>
          </reporter-output>
        </test-method> <!-- tearDown -->
      </class> <!-- Com.Test.Test_1 -->
    </test> <!-- Test -->
  </suite> <!-- Suite -->
</testng-results>
